
> mind-paint@0.1.0 dev
> vite --host 127.0.0.1 --port 5173

[2m4:16:45 PM[22m [36m[1m[vite][22m[39m [90m[2m(client)[22m[39m Re-optimizing dependencies because vite config has changed

  [32m[1mVITE[22m v7.3.3[39m  [2mready in [0m[1m340[22m[2m[0m ms[22m

  [32m➜[39m  [1mLocal[22m:   [36mhttp://127.0.0.1:[1m5173[22m/[39m
[2m[32m  ➜[39m[22m[2m  press [22m[1mh + enter[22m[2m to show help[22m
[2m4:32:57 PM[22m [36m[1m[vite][22m[39m [90m[2m(client)[22m[39m [32mhmr update [39m[2m/src/App.tsx, /src/components/CanvasStage.tsx, /src/components/Toolbar.tsx, /src/components/ProjectManager.tsx, /src/components/LayerPanel.tsx, /src/components/Topbar.tsx, /src/styles.css[22m
[2m4:33:50 PM[22m [36m[1m[vite][22m[39m [90m[2m(client)[22m[39m [32mhmr update [39m[2m/src/components/CanvasStage.tsx, /src/styles.css[22m
[2m4:34:18 PM[22m [36m[1m[vite][22m[39m [90m[2m(client)[22m[39m [32mhmr update [39m[2m/src/App.tsx, /src/styles.css[22m
[2m4:34:54 PM[22m [36m[1m[vite][22m[39m [90m[2m(client)[22m[39m [32mhmr update [39m[2m/src/components/ProjectManager.tsx, /src/styles.css[22m
[2m4:36:12 PM[22m [36m[1m[vite][22m[39m [90m[2m(client)[22m[39m [32mhmr update [39m[2m/src/components/CanvasStage.tsx, /src/styles.css[22m
[2m4:56:35 PM[22m [36m[1m[vite][22m[39m [90m[2m(client)[22m[39m [32mhmr update [39m[2m/src/styles.css[22m
[2m4:56:59 PM[22m [36m[1m[vite][22m[39m [90m[2m(client)[22m[39m [32mhmr update [39m[2m/src/App.tsx, /src/components/CanvasStage.tsx, /src/components/Toolbar.tsx, /src/components/ProjectManager.tsx, /src/components/LayerPanel.tsx, /src/components/Topbar.tsx, /src/styles.css[22m
[2m4:57:29 PM[22m [36m[1m[vite][22m[39m [90m[2m(client)[22m[39m [32mhmr update [39m[2m/src/components/Toolbar.tsx, /src/styles.css[22m
[2m4:57:29 PM[22m [36m[1m[vite][22m[39m [90m[2m(client)[22m[39m [32mhmr update [39m[2m/src/styles.css, /src/components/Topbar.tsx[22m
[2m4:58:04 PM[22m [36m[1m[vite][22m[39m [90m[2m(client)[22m[39m [32mhmr update [39m[2m/src/components/Topbar.tsx, /src/styles.css[22m
[2m4:59:00 PM[22m [36m[1m[vite][22m[39m [90m[2m(client)[22m[39m [32mhmr update [39m[2m/src/components/CanvasStage.tsx, /src/styles.css[22m
[2m4:59:28 PM[22m [36m[1m[vite][22m[39m [90m[2m(client)[22m[39m [32mpage reload [39m[2mindex.html[22m
[2m4:59:29 PM[22m [36m[1m[vite][22m[39m [90m[2m(client)[22m[39m [32mpage reload [39m[2msrc/main.tsx[22m
[2m5:10:50 PM[22m [36m[1m[vite][22m[39m [90m[2m(client)[22m[39m [32mhmr update [39m[2m/src/styles.css[22m
[2m5:10:50 PM[22m [36m[1m[vite][22m[39m [90m[2m(client)[22m[39m [32mhmr update [39m[2m/src/App.tsx, /src/components/CanvasStage.tsx, /src/components/Toolbar.tsx, /src/components/ProjectManager.tsx, /src/components/LayerPanel.tsx, /src/components/Topbar.tsx, /src/styles.css[22m
[2m5:11:25 PM[22m [36m[1m[vite][22m[39m [90m[2m(client)[22m[39m [32mhmr update [39m[2m/src/components/Topbar.tsx, /src/styles.css[22m
[2m5:11:25 PM[22m [36m[1m[vite][22m[39m [90m[2m(client)[22m[39m [32mhmr update [39m[2m/src/App.tsx, /src/styles.css[22m
[2m5:11:45 PM[22m [36m[1m[vite][22m[39m [90m[2m(client)[22m[39m [32mhmr update [39m[2m/src/components/CanvasStage.tsx, /src/styles.css[22m
[2m5:15:03 PM[22m [36m[1m[vite][22m[39m [90m[2m(client)[22m[39m [32mhmr update [39m[2m/src/App.tsx, /src/components/CanvasStage.tsx, /src/components/Toolbar.tsx, /src/components/ProjectManager.tsx, /src/components/LayerPanel.tsx, /src/components/Topbar.tsx, /src/components/SettingsPanel.tsx, /src/styles.css[22m
[2m5:15:23 PM[22m [36m[1m[vite][22m[39m [90m[2m(client)[22m[39m [32mhmr update [39m[2m/src/App.tsx, /src/styles.css[22m
[2m5:15:35 PM[22m [36m[1m[vite][22m[39m [90m[2m(client)[22m[39m [32mhmr update [39m[2m/src/components/CanvasStage.tsx, /src/styles.css[22m
[2m5:16:10 PM[22m [36m[1m[vite][22m[39m [90m[2m(client)[22m[39m [32mhmr update [39m[2m/src/components/SettingsPanel.tsx, /src/styles.css[22m
